[0.010s] Invoking command in '/home/aqib/ros_learning/ros2_3/build/map_manager': CMAKE_PREFIX_PATH=${CMAKE_PREFIX_PATH}:/home/aqib/ros_learning/ros2_test/install/launch_testing_examples:/home/aqib/ros_learning/ros2_test/install/examples_rclpy_pointcloud_publisher:/home/aqib/ros_learning/ros2_test/install/examples_rclpy_minimal_subscriber:/home/aqib/ros_learning/ros2_test/install/examples_rclpy_minimal_service:/home/aqib/ros_learning/ros2_test/install/examples_rclpy_minimal_publisher:/home/aqib/ros_learning/ros2_test/install/examples_rclpy_minimal_client:/home/aqib/ros_learning/ros2_test/install/examples_rclpy_minimal_action_server:/home/aqib/ros_learning/ros2_test/install/examples_rclpy_minimal_action_client:/home/aqib/ros_learning/ros2_test/install/examples_rclpy_guard_conditions:/home/aqib/ros_learning/ros2_test/install/examples_rclpy_executors:/home/aqib/ros2_ws/install/my_robot_controller:/opt/ros/humble /usr/bin/cmake --build /home/aqib/ros_learning/ros2_3/build/map_manager -- -j12 -l12
[0.046s] [  3%] Built target map_manager__cpp
[0.046s] [ 11%] Built target map_manager__rosidl_generator_c
[0.050s] [ 15%] Built target map_subscribe
[0.055s] [ 15%] Built target ament_cmake_python_copy_map_manager
[0.065s] [ 24%] Built target map_manager__rosidl_typesupport_introspection_c
[0.065s] [ 33%] Built target map_manager__rosidl_typesupport_fastrtps_c
[0.066s] [ 43%] Built target map_manager__rosidl_typesupport_fastrtps_cpp
[0.066s] [ 52%] Built target map_manager__rosidl_typesupport_introspection_cpp
[0.066s] [ 62%] Built target map_manager__rosidl_typesupport_c
[0.066s] [ 71%] Built target map_manager__rosidl_typesupport_cpp
[0.076s] [35m[1mConsolidate compiler generated dependencies of target add_obstacle[0m
[0.082s] [ 71%] Built target map_manager
[0.086s] [ 75%] Built target map_publish
[0.088s] [ 77%] [32mBuilding CXX object CMakeFiles/add_obstacle.dir/src/add_obstacle.cpp.o[0m
[0.097s] [ 79%] Built target map_manager__py
[0.113s] [ 86%] Built target map_manager__rosidl_generator_py
[0.129s] [ 98%] Built target map_manager__rosidl_typesupport_introspection_c__pyext
[0.129s] [ 98%] Built target map_manager__rosidl_typesupport_fastrtps_c__pyext
[0.129s] [ 98%] Built target map_manager__rosidl_typesupport_c__pyext
[0.256s] running egg_info
[0.257s] writing map_manager.egg-info/PKG-INFO
[0.258s] writing dependency_links to map_manager.egg-info/dependency_links.txt
[0.258s] writing top-level names to map_manager.egg-info/top_level.txt
[0.261s] reading manifest file 'map_manager.egg-info/SOURCES.txt'
[0.261s] writing manifest file 'map_manager.egg-info/SOURCES.txt'
[0.284s] [ 98%] Built target ament_cmake_python_build_map_manager_egg
[1.694s] [01m[K/home/aqib/ros_learning/ros2_3/src/map_manager/src/add_obstacle.cpp:[m[K In function â€˜[01m[Kvoid add_obstacle(std::shared_ptr<map_manager::srv::AddObstacle_Request_<std::allocator<void> > >, std::shared_ptr<map_manager::srv::AddObstacle_Response_<std::allocator<void> > >)[m[Kâ€™:
[1.694s] [01m[K/home/aqib/ros_learning/ros2_3/src/map_manager/src/add_obstacle.cpp:28:60:[m[K [01;31m[Kerror: [m[Kno matching function for call to â€˜[01m[Kstd::chrono::duration<long int, std::ratio<1, 1000> >::duration(map_manager::srv::AddObstacle_Request_<std::allocator<void> >::_time_type&)[m[Kâ€™
[1.694s]    28 |   rclcpp::sleep_for(std::chrono::milliseconds(request->time[01;31m[K)[m[K);
[1.694s]       |                                                            [01;31m[K^[m[K
[1.694s] In file included from [01m[K/usr/include/c++/11/mutex:39[m[K,
[1.694s]                  from [01m[K/usr/include/c++/11/future:38[m[K,
[1.694s]                  from [01m[K/opt/ros/humble/include/rclcpp/rclcpp/executors.hpp:18[m[K,
[1.695s]                  from [01m[K/opt/ros/humble/include/rclcpp/rclcpp/rclcpp.hpp:155[m[K,
[1.695s]                  from [01m[K/home/aqib/ros_learning/ros2_3/src/map_manager/src/add_obstacle.cpp:1[m[K:
[1.695s] [01m[K/usr/include/c++/11/chrono:529:21:[m[K [01;36m[Knote: [m[Kcandidate: â€˜[01m[Ktemplate<class _Rep2, class _Period2, class> constexpr std::chrono::duration<_Rep, _Period>::duration(const std::chrono::duration<_Rep, _Period>&) [with _Rep2 = _Rep2; _Period2 = _Period2; <template-parameter-2-3> = <template-parameter-1-3>; _Rep = long int; _Period = std::ratio<1, 1000>][m[Kâ€™
[1.695s]   529 |           constexpr [01;36m[Kduration[m[K(const duration<_Rep2, _Period2>& __d)
[1.695s]       |                     [01;36m[K^~~~~~~~[m[K
[1.695s] [01m[K/usr/include/c++/11/chrono:529:21:[m[K [01;36m[Knote: [m[K  template argument deduction/substitution failed:
[1.695s] [01m[K/home/aqib/ros_learning/ros2_3/src/map_manager/src/add_obstacle.cpp:28:60:[m[K [01;36m[Knote: [m[K  mismatched types â€˜[01m[Kconst std::chrono::duration<_Rep1, _Period1>[m[Kâ€™ and â€˜[01m[Kmap_manager::srv::AddObstacle_Request_<std::allocator<void> >::_time_type[m[Kâ€™ {aka â€˜[01m[Kfloat[m[Kâ€™}
[1.695s]    28 |   rclcpp::sleep_for(std::chrono::milliseconds(request->time[01;36m[K)[m[K);
[1.695s]       |                                                            [01;36m[K^[m[K
[1.695s] In file included from [01m[K/usr/include/c++/11/mutex:39[m[K,
[1.695s]                  from [01m[K/usr/include/c++/11/future:38[m[K,
[1.695s]                  from [01m[K/opt/ros/humble/include/rclcpp/rclcpp/executors.hpp:18[m[K,
[1.695s]                  from [01m[K/opt/ros/humble/include/rclcpp/rclcpp/rclcpp.hpp:155[m[K,
[1.695s]                  from [01m[K/home/aqib/ros_learning/ros2_3/src/map_manager/src/add_obstacle.cpp:1[m[K:
[1.695s] [01m[K/usr/include/c++/11/chrono:521:30:[m[K [01;36m[Knote: [m[Kcandidate: â€˜[01m[Ktemplate<class _Rep2, class> constexpr std::chrono::duration<_Rep, _Period>::duration(const _Rep2&) [with _Rep2 = _Rep2; <template-parameter-2-2> = <template-parameter-1-2>; _Rep = long int; _Period = std::ratio<1, 1000>][m[Kâ€™
[1.695s]   521 |           constexpr explicit [01;36m[Kduration[m[K(const _Rep2& __rep)
[1.695s]       |                              [01;36m[K^~~~~~~~[m[K
[1.695s] [01m[K/usr/include/c++/11/chrono:521:30:[m[K [01;36m[Knote: [m[K  template argument deduction/substitution failed:
[1.695s] In file included from [01m[K/usr/include/c++/11/bits/move.h:57[m[K,
[1.695s]                  from [01m[K/usr/include/c++/11/bits/stl_pair.h:59[m[K,
[1.695s]                  from [01m[K/usr/include/c++/11/bits/stl_algobase.h:64[m[K,
[1.695s]                  from [01m[K/usr/include/c++/11/memory:63[m[K,
[1.695s]                  from [01m[K/opt/ros/humble/include/rclcpp/rclcpp/rclcpp.hpp:153[m[K,
[1.695s]                  from [01m[K/home/aqib/ros_learning/ros2_3/src/map_manager/src/add_obstacle.cpp:1[m[K:
[1.695s] /usr/include/c++/11/type_traits: In substitution of â€˜[01m[Ktemplate<bool _Cond, class _Tp> using __enable_if_t = typename std::enable_if::type [with bool _Cond = false; _Tp = void][m[Kâ€™:
[1.695s] [01m[K/usr/include/c++/11/type_traits:2209:11:[m[K   required by substitution of â€˜[01m[Ktemplate<class ... _Cond> using _Require = std::__enable_if_t<std::__and_< <template-parameter-1-1> >::value> [with _Cond = {std::is_convertible<const float&, long int>, std::__or_<std::chrono::treat_as_floating_point<long int>, std::__not_<std::chrono::treat_as_floating_point<float> > >}][m[Kâ€™
[1.696s] [01m[K/usr/include/c++/11/chrono:518:27:[m[K   required from here
[1.696s] [01m[K/usr/include/c++/11/type_traits:2205:11:[m[K [01;31m[Kerror: [m[Kno type named â€˜[01m[Ktype[m[Kâ€™ in â€˜[01m[Kstruct std::enable_if<false, void>[m[Kâ€™
[1.696s]  2205 |     using [01;31m[K__enable_if_t[m[K = typename enable_if<_Cond, _Tp>::type;
[1.696s]       |           [01;31m[K^~~~~~~~~~~~~[m[K
[1.696s] In file included from [01m[K/usr/include/c++/11/mutex:39[m[K,
[1.696s]                  from [01m[K/usr/include/c++/11/future:38[m[K,
[1.696s]                  from [01m[K/opt/ros/humble/include/rclcpp/rclcpp/executors.hpp:18[m[K,
[1.696s]                  from [01m[K/opt/ros/humble/include/rclcpp/rclcpp/rclcpp.hpp:155[m[K,
[1.696s]                  from [01m[K/home/aqib/ros_learning/ros2_3/src/map_manager/src/add_obstacle.cpp:1[m[K:
[1.696s] [01m[K/usr/include/c++/11/chrono:514:9:[m[K [01;36m[Knote: [m[Kcandidate: â€˜[01m[Kconstexpr std::chrono::duration<_Rep, _Period>::duration(const std::chrono::duration<_Rep, _Period>&) [with _Rep = long int; _Period = std::ratio<1, 1000>][m[Kâ€™
[1.696s]   514 |         [01;36m[Kduration[m[K(const duration&) = default;
[1.696s]       |         [01;36m[K^~~~~~~~[m[K
[1.696s] [01m[K/usr/include/c++/11/chrono:514:18:[m[K [01;36m[Knote: [m[K  no known conversion for argument 1 from â€˜[01m[Kmap_manager::srv::AddObstacle_Request_<std::allocator<void> >::_time_type[m[Kâ€™ {aka â€˜[01m[Kfloat[m[Kâ€™} to â€˜[01m[Kconst std::chrono::duration<long int, std::ratio<1, 1000> >&[m[Kâ€™
[1.696s]   514 |         duration([01;36m[Kconst duration&[m[K) = default;
[1.696s]       |                  [01;36m[K^~~~~~~~~~~~~~~[m[K
[1.696s] [01m[K/usr/include/c++/11/chrono:512:19:[m[K [01;36m[Knote: [m[Kcandidate: â€˜[01m[Kstd::chrono::duration<_Rep, _Period>::duration() [with _Rep = long int; _Period = std::ratio<1, 1000>][m[Kâ€™
[1.696s]   512 |         constexpr [01;36m[Kduration[m[K() = default;
[1.696s]       |                   [01;36m[K^~~~~~~~[m[K
[1.699s] [01m[K/usr/include/c++/11/chrono:512:19:[m[K [01;36m[Knote: [m[K  candidate expects 0 arguments, 1 provided
[2.102s] gmake[2]: *** [CMakeFiles/add_obstacle.dir/build.make:76: CMakeFiles/add_obstacle.dir/src/add_obstacle.cpp.o] Error 1
[2.102s] gmake[1]: *** [CMakeFiles/Makefile2:650: CMakeFiles/add_obstacle.dir/all] Error 2
[2.102s] gmake: *** [Makefile:146: all] Error 2
[2.104s] Invoked command in '/home/aqib/ros_learning/ros2_3/build/map_manager' returned '2': CMAKE_PREFIX_PATH=${CMAKE_PREFIX_PATH}:/home/aqib/ros_learning/ros2_test/install/launch_testing_examples:/home/aqib/ros_learning/ros2_test/install/examples_rclpy_pointcloud_publisher:/home/aqib/ros_learning/ros2_test/install/examples_rclpy_minimal_subscriber:/home/aqib/ros_learning/ros2_test/install/examples_rclpy_minimal_service:/home/aqib/ros_learning/ros2_test/install/examples_rclpy_minimal_publisher:/home/aqib/ros_learning/ros2_test/install/examples_rclpy_minimal_client:/home/aqib/ros_learning/ros2_test/install/examples_rclpy_minimal_action_server:/home/aqib/ros_learning/ros2_test/install/examples_rclpy_minimal_action_client:/home/aqib/ros_learning/ros2_test/install/examples_rclpy_guard_conditions:/home/aqib/ros_learning/ros2_test/install/examples_rclpy_executors:/home/aqib/ros2_ws/install/my_robot_controller:/opt/ros/humble /usr/bin/cmake --build /home/aqib/ros_learning/ros2_3/build/map_manager -- -j12 -l12
