[0.010s] Invoking command in '/home/aqib/ros_learning/ros2_3/build/map_manager': CMAKE_PREFIX_PATH=${CMAKE_PREFIX_PATH}:/home/aqib/ros_learning/ros2_test/install/launch_testing_examples:/home/aqib/ros_learning/ros2_test/install/examples_rclpy_pointcloud_publisher:/home/aqib/ros_learning/ros2_test/install/examples_rclpy_minimal_subscriber:/home/aqib/ros_learning/ros2_test/install/examples_rclpy_minimal_service:/home/aqib/ros_learning/ros2_test/install/examples_rclpy_minimal_publisher:/home/aqib/ros_learning/ros2_test/install/examples_rclpy_minimal_client:/home/aqib/ros_learning/ros2_test/install/examples_rclpy_minimal_action_server:/home/aqib/ros_learning/ros2_test/install/examples_rclpy_minimal_action_client:/home/aqib/ros_learning/ros2_test/install/examples_rclpy_guard_conditions:/home/aqib/ros_learning/ros2_test/install/examples_rclpy_executors:/home/aqib/ros2_ws/install/my_robot_controller:/opt/ros/humble /usr/bin/cmake --build /home/aqib/ros_learning/ros2_3/build/map_manager -- -j12 -l12
[0.027s] -- Found ament_cmake: 1.3.11 (/opt/ros/humble/share/ament_cmake/cmake)
[0.131s] -- Found rclcpp: 16.0.11 (/opt/ros/humble/share/rclcpp/cmake)
[0.151s] -- Found rosidl_generator_c: 3.1.6 (/opt/ros/humble/share/rosidl_generator_c/cmake)
[0.152s] -- Found rosidl_adapter: 3.1.6 (/opt/ros/humble/share/rosidl_adapter/cmake)
[0.156s] -- Found rosidl_generator_cpp: 3.1.6 (/opt/ros/humble/share/rosidl_generator_cpp/cmake)
[0.163s] -- Using all available rosidl_typesupport_c: rosidl_typesupport_fastrtps_c;rosidl_typesupport_introspection_c
[0.172s] -- Using all available rosidl_typesupport_cpp: rosidl_typesupport_fastrtps_cpp;rosidl_typesupport_introspection_cpp
[0.194s] -- Found rmw_implementation_cmake: 6.1.2 (/opt/ros/humble/share/rmw_implementation_cmake/cmake)
[0.195s] -- Found rmw_fastrtps_cpp: 6.2.7 (/opt/ros/humble/share/rmw_fastrtps_cpp/cmake)
[0.270s] -- Using RMW implementation 'rmw_fastrtps_cpp' as default
[0.301s] -- Found rosidl_default_generators: 1.2.0 (/opt/ros/humble/share/rosidl_default_generators/cmake)
[0.533s] -- Found ament_cmake_ros: 0.10.0 (/opt/ros/humble/share/ament_cmake_ros/cmake)
[0.821s] -- Using all available rosidl_typesupport_c: rosidl_typesupport_fastrtps_c;rosidl_typesupport_introspection_c
[0.935s] -- Using all available rosidl_typesupport_cpp: rosidl_typesupport_fastrtps_cpp;rosidl_typesupport_introspection_cpp
[0.954s] -- Found python_cmake_module: 0.10.0 (/opt/ros/humble/share/python_cmake_module/cmake)
[0.973s] -- Using PYTHON_EXECUTABLE: /usr/bin/python3
[0.973s] -- Using PYTHON_INCLUDE_DIRS: /usr/include/python3.10
[0.973s] -- Using PYTHON_LIBRARIES: /usr/lib/x86_64-linux-gnu/libpython3.10.so
[1.002s] -- Found ament_lint_auto: 0.12.11 (/opt/ros/humble/share/ament_lint_auto/cmake)
[1.008s] -- Added test 'cppcheck' to perform static code analysis on C / C++ code
[1.008s] -- Configured cppcheck include dirs: 
[1.008s] -- Configured cppcheck exclude dirs and/or files: 
[1.008s] -- Added test 'lint_cmake' to check CMake code style
[1.009s] -- Added test 'uncrustify' to check C / C++ code style
[1.009s] -- Configured uncrustify additional arguments: 
[1.009s] -- Added test 'xmllint' to check XML markup files
[1.010s] -- Configuring done
[1.038s] -- Generating done
[1.049s] -- Build files have been written to: /home/aqib/ros_learning/ros2_3/build/map_manager
[1.070s] [35m[1mConsolidate compiler generated dependencies of target map_manager__rosidl_generator_c[0m
[1.070s] [35m[1mConsolidate compiler generated dependencies of target map_subscribe[0m
[1.077s] [  1%] Built target map_manager__cpp
[1.078s] [ 11%] Built target map_manager__rosidl_generator_c
[1.083s] [ 15%] Built target map_subscribe
[1.084s] [ 15%] Built target ament_cmake_python_copy_map_manager
[1.085s] [35m[1mConsolidate compiler generated dependencies of target map_manager__rosidl_typesupport_cpp[0m
[1.085s] [35m[1mConsolidate compiler generated dependencies of target map_manager__rosidl_typesupport_introspection_cpp[0m
[1.086s] [35m[1mConsolidate compiler generated dependencies of target map_manager__rosidl_typesupport_fastrtps_c[0m
[1.086s] [35m[1mConsolidate compiler generated dependencies of target map_manager__rosidl_typesupport_introspection_c[0m
[1.086s] [35m[1mConsolidate compiler generated dependencies of target map_manager__rosidl_typesupport_fastrtps_cpp[0m
[1.087s] [35m[1mConsolidate compiler generated dependencies of target map_manager__rosidl_typesupport_c[0m
[1.095s] [ 24%] Built target map_manager__rosidl_typesupport_introspection_c
[1.095s] [ 33%] Built target map_manager__rosidl_typesupport_c
[1.096s] [ 54%] Built target map_manager__rosidl_typesupport_introspection_cpp
[1.097s] [ 54%] Built target map_manager__rosidl_typesupport_fastrtps_c
[1.097s] [ 62%] Built target map_manager__rosidl_typesupport_cpp
[1.098s] [ 71%] Built target map_manager__rosidl_typesupport_fastrtps_cpp
[1.103s] [35m[1mConsolidate compiler generated dependencies of target add_obstacle[0m
[1.104s] [35m[1mConsolidate compiler generated dependencies of target map_publish[0m
[1.112s] [ 71%] Built target map_manager
[1.115s] [ 77%] [32mBuilding CXX object CMakeFiles/add_obstacle.dir/src/add_obstacle.cpp.o[0m
[1.115s] [ 77%] Built target map_publish
[1.127s] [ 79%] Built target map_manager__py
[1.134s] [35m[1mConsolidate compiler generated dependencies of target map_manager__rosidl_generator_py[0m
[1.144s] [ 86%] Built target map_manager__rosidl_generator_py
[1.151s] [35m[1mConsolidate compiler generated dependencies of target map_manager__rosidl_typesupport_c__pyext[0m
[1.152s] [35m[1mConsolidate compiler generated dependencies of target map_manager__rosidl_typesupport_introspection_c__pyext[0m
[1.152s] [35m[1mConsolidate compiler generated dependencies of target map_manager__rosidl_typesupport_fastrtps_c__pyext[0m
[1.160s] [ 98%] Built target map_manager__rosidl_typesupport_fastrtps_c__pyext
[1.160s] [ 98%] Built target map_manager__rosidl_typesupport_c__pyext
[1.160s] [ 98%] Built target map_manager__rosidl_typesupport_introspection_c__pyext
[1.288s] running egg_info
[1.289s] writing map_manager.egg-info/PKG-INFO
[1.289s] writing dependency_links to map_manager.egg-info/dependency_links.txt
[1.289s] writing top-level names to map_manager.egg-info/top_level.txt
[1.292s] reading manifest file 'map_manager.egg-info/SOURCES.txt'
[1.292s] writing manifest file 'map_manager.egg-info/SOURCES.txt'
[1.314s] [ 98%] Built target ament_cmake_python_build_map_manager_egg
[2.694s] [01m[K/home/aqib/ros_learning/ros2_3/src/map_manager/src/add_obstacle.cpp:[m[K In function â€˜[01m[Kvoid add_obstacle(std::shared_ptr<map_manager::srv::AddObstacle_Request_<std::allocator<void> > >, std::shared_ptr<map_manager::srv::AddObstacle_Response_<std::allocator<void> > >)[m[Kâ€™:
[2.694s] [01m[K/home/aqib/ros_learning/ros2_3/src/map_manager/src/add_obstacle.cpp:28:34:[m[K [01;31m[Kerror: [m[Kinvalid initialization of reference of type â€˜[01m[Kconst nanoseconds&[m[Kâ€™ {aka â€˜[01m[Kconst std::chrono::duration<long int, std::ratio<1, 1000000000> >&[m[Kâ€™} from expression of type â€˜[01m[Kstd::chrono::duration<float>[m[Kâ€™
[2.694s]    28 |   rclcpp::sleep_for(std::chrono::[01;31m[Kduration<float>(request->time)[m[K);
[2.694s]       |                                  [01;31m[K^~~~~~~~~~~~~~~~~~~~~~~~~~~~~~[m[K
[2.694s] In file included from [01m[K/opt/ros/humble/include/rclcpp/rclcpp/logging.hpp:25[m[K,
[2.694s]                  from [01m[K/opt/ros/humble/include/rclcpp/rclcpp/client.hpp:40[m[K,
[2.694s]                  from [01m[K/opt/ros/humble/include/rclcpp/rclcpp/callback_group.hpp:24[m[K,
[2.694s]                  from [01m[K/opt/ros/humble/include/rclcpp/rclcpp/any_executable.hpp:20[m[K,
[2.694s]                  from [01m[K/opt/ros/humble/include/rclcpp/rclcpp/memory_strategy.hpp:25[m[K,
[2.694s]                  from [01m[K/opt/ros/humble/include/rclcpp/rclcpp/memory_strategies.hpp:18[m[K,
[2.695s]                  from [01m[K/opt/ros/humble/include/rclcpp/rclcpp/executor_options.hpp:20[m[K,
[2.695s]                  from [01m[K/opt/ros/humble/include/rclcpp/rclcpp/executor.hpp:37[m[K,
[2.695s]                  from [01m[K/opt/ros/humble/include/rclcpp/rclcpp/executors/multi_threaded_executor.hpp:25[m[K,
[2.695s]                  from [01m[K/opt/ros/humble/include/rclcpp/rclcpp/executors.hpp:21[m[K,
[2.695s]                  from [01m[K/opt/ros/humble/include/rclcpp/rclcpp/rclcpp.hpp:155[m[K,
[2.695s]                  from [01m[K/home/aqib/ros_learning/ros2_3/src/map_manager/src/add_obstacle.cpp:1[m[K:
[2.695s] [01m[K/opt/ros/humble/include/rclcpp/rclcpp/utilities.hpp:233:36:[m[K [01;36m[Knote: [m[Kin passing argument 1 of â€˜[01m[Kbool rclcpp::sleep_for(const nanoseconds&, rclcpp::Context::SharedPtr)[m[Kâ€™
[2.695s]   233 |   [01;36m[Kconst std::chrono::nanoseconds & nanoseconds[m[K,
[2.695s]       |   [01;36m[K~~~~~~~~~~~~~~~~~~~~~~~~~~~~~~~~~^~~~~~~~~~~[m[K
[3.116s] gmake[2]: *** [CMakeFiles/add_obstacle.dir/build.make:76: CMakeFiles/add_obstacle.dir/src/add_obstacle.cpp.o] Error 1
[3.116s] gmake[1]: *** [CMakeFiles/Makefile2:650: CMakeFiles/add_obstacle.dir/all] Error 2
[3.116s] gmake: *** [Makefile:146: all] Error 2
[3.118s] Invoked command in '/home/aqib/ros_learning/ros2_3/build/map_manager' returned '2': CMAKE_PREFIX_PATH=${CMAKE_PREFIX_PATH}:/home/aqib/ros_learning/ros2_test/install/launch_testing_examples:/home/aqib/ros_learning/ros2_test/install/examples_rclpy_pointcloud_publisher:/home/aqib/ros_learning/ros2_test/install/examples_rclpy_minimal_subscriber:/home/aqib/ros_learning/ros2_test/install/examples_rclpy_minimal_service:/home/aqib/ros_learning/ros2_test/install/examples_rclpy_minimal_publisher:/home/aqib/ros_learning/ros2_test/install/examples_rclpy_minimal_client:/home/aqib/ros_learning/ros2_test/install/examples_rclpy_minimal_action_server:/home/aqib/ros_learning/ros2_test/install/examples_rclpy_minimal_action_client:/home/aqib/ros_learning/ros2_test/install/examples_rclpy_guard_conditions:/home/aqib/ros_learning/ros2_test/install/examples_rclpy_executors:/home/aqib/ros2_ws/install/my_robot_controller:/opt/ros/humble /usr/bin/cmake --build /home/aqib/ros_learning/ros2_3/build/map_manager -- -j12 -l12
