[0.010s] Invoking command in '/home/aqib/ros_learning/ros2_3/build/map_manager': CMAKE_PREFIX_PATH=${CMAKE_PREFIX_PATH}:/home/aqib/ros_learning/ros2_test/install/launch_testing_examples:/home/aqib/ros_learning/ros2_test/install/examples_rclpy_pointcloud_publisher:/home/aqib/ros_learning/ros2_test/install/examples_rclpy_minimal_subscriber:/home/aqib/ros_learning/ros2_test/install/examples_rclpy_minimal_service:/home/aqib/ros_learning/ros2_test/install/examples_rclpy_minimal_publisher:/home/aqib/ros_learning/ros2_test/install/examples_rclpy_minimal_client:/home/aqib/ros_learning/ros2_test/install/examples_rclpy_minimal_action_server:/home/aqib/ros_learning/ros2_test/install/examples_rclpy_minimal_action_client:/home/aqib/ros_learning/ros2_test/install/examples_rclpy_guard_conditions:/home/aqib/ros_learning/ros2_test/install/examples_rclpy_executors:/home/aqib/ros2_ws/install/my_robot_controller:/opt/ros/humble /usr/bin/cmake --build /home/aqib/ros_learning/ros2_3/build/map_manager -- -j12 -l12
[0.044s] [  1%] Built target map_manager__cpp
[0.044s] [ 11%] Built target map_manager__rosidl_generator_c
[0.048s] [ 15%] Built target map_subscribe
[0.050s] [ 15%] Built target ament_cmake_python_copy_map_manager
[0.060s] [ 25%] Built target map_manager__rosidl_typesupport_cpp
[0.061s] [ 45%] Built target map_manager__rosidl_typesupport_c
[0.061s] [ 45%] Built target map_manager__rosidl_typesupport_fastrtps_cpp
[0.061s] [ 54%] Built target map_manager__rosidl_typesupport_introspection_c
[0.062s] [ 64%] Built target map_manager__rosidl_typesupport_fastrtps_c
[0.064s] [ 74%] Built target map_manager__rosidl_typesupport_introspection_cpp
[0.078s] [ 74%] Built target map_manager
[0.078s] [ 76%] [32mBuilding CXX object CMakeFiles/map_publish.dir/src/map_publisher_function.cpp.o[0m
[0.093s] [ 78%] Built target map_manager__py
[0.110s] [ 86%] Built target map_manager__rosidl_generator_py
[0.127s] [ 94%] Built target map_manager__rosidl_typesupport_introspection_c__pyext
[0.127s] [ 94%] Built target map_manager__rosidl_typesupport_c__pyext
[0.127s] [ 98%] Built target map_manager__rosidl_typesupport_fastrtps_c__pyext
[0.214s] [01m[K/home/aqib/ros_learning/ros2_3/src/map_manager/src/map_publisher_function.cpp:24:10:[m[K [01;31m[Kfatal error: [m[Kmap_manager/msg/add_obstacle.hpp: No such file or directory
[0.214s]    24 | #include [01;31m[K"map_manager/msg/add_obstacle.hpp"[m[K
[0.214s]       |          [01;31m[K^~~~~~~~~~~~~~~~~~~~~~~~~~~~~~~~~~[m[K
[0.214s] compilation terminated.
[0.215s] gmake[2]: *** [CMakeFiles/map_publish.dir/build.make:76: CMakeFiles/map_publish.dir/src/map_publisher_function.cpp.o] Error 1
[0.216s] gmake[1]: *** [CMakeFiles/Makefile2:595: CMakeFiles/map_publish.dir/all] Error 2
[0.216s] gmake[1]: *** Waiting for unfinished jobs....
[0.249s] running egg_info
[0.250s] writing map_manager.egg-info/PKG-INFO
[0.250s] writing dependency_links to map_manager.egg-info/dependency_links.txt
[0.250s] writing top-level names to map_manager.egg-info/top_level.txt
[0.253s] reading manifest file 'map_manager.egg-info/SOURCES.txt'
[0.253s] writing manifest file 'map_manager.egg-info/SOURCES.txt'
[0.274s] [ 98%] Built target ament_cmake_python_build_map_manager_egg
[0.275s] gmake: *** [Makefile:146: all] Error 2
[0.276s] Invoked command in '/home/aqib/ros_learning/ros2_3/build/map_manager' returned '2': CMAKE_PREFIX_PATH=${CMAKE_PREFIX_PATH}:/home/aqib/ros_learning/ros2_test/install/launch_testing_examples:/home/aqib/ros_learning/ros2_test/install/examples_rclpy_pointcloud_publisher:/home/aqib/ros_learning/ros2_test/install/examples_rclpy_minimal_subscriber:/home/aqib/ros_learning/ros2_test/install/examples_rclpy_minimal_service:/home/aqib/ros_learning/ros2_test/install/examples_rclpy_minimal_publisher:/home/aqib/ros_learning/ros2_test/install/examples_rclpy_minimal_client:/home/aqib/ros_learning/ros2_test/install/examples_rclpy_minimal_action_server:/home/aqib/ros_learning/ros2_test/install/examples_rclpy_minimal_action_client:/home/aqib/ros_learning/ros2_test/install/examples_rclpy_guard_conditions:/home/aqib/ros_learning/ros2_test/install/examples_rclpy_executors:/home/aqib/ros2_ws/install/my_robot_controller:/opt/ros/humble /usr/bin/cmake --build /home/aqib/ros_learning/ros2_3/build/map_manager -- -j12 -l12
