[0.009s] Invoking command in '/home/aqib/ros_learning/ros2_3/build/map_manager': CMAKE_PREFIX_PATH=${CMAKE_PREFIX_PATH}:/home/aqib/ros_learning/ros2_test/install/launch_testing_examples:/home/aqib/ros_learning/ros2_test/install/examples_rclpy_pointcloud_publisher:/home/aqib/ros_learning/ros2_test/install/examples_rclpy_minimal_subscriber:/home/aqib/ros_learning/ros2_test/install/examples_rclpy_minimal_service:/home/aqib/ros_learning/ros2_test/install/examples_rclpy_minimal_publisher:/home/aqib/ros_learning/ros2_test/install/examples_rclpy_minimal_client:/home/aqib/ros_learning/ros2_test/install/examples_rclpy_minimal_action_server:/home/aqib/ros_learning/ros2_test/install/examples_rclpy_minimal_action_client:/home/aqib/ros_learning/ros2_test/install/examples_rclpy_guard_conditions:/home/aqib/ros_learning/ros2_test/install/examples_rclpy_executors:/home/aqib/ros2_ws/install/my_robot_controller:/opt/ros/humble /usr/bin/cmake --build /home/aqib/ros_learning/ros2_3/build/map_manager -- -j12 -l12
[0.026s] -- Found ament_cmake: 1.3.11 (/opt/ros/humble/share/ament_cmake/cmake)
[0.122s] -- Found rclcpp: 16.0.11 (/opt/ros/humble/share/rclcpp/cmake)
[0.140s] -- Found rosidl_generator_c: 3.1.6 (/opt/ros/humble/share/rosidl_generator_c/cmake)
[0.141s] -- Found rosidl_adapter: 3.1.6 (/opt/ros/humble/share/rosidl_adapter/cmake)
[0.145s] -- Found rosidl_generator_cpp: 3.1.6 (/opt/ros/humble/share/rosidl_generator_cpp/cmake)
[0.151s] -- Using all available rosidl_typesupport_c: rosidl_typesupport_fastrtps_c;rosidl_typesupport_introspection_c
[0.162s] -- Using all available rosidl_typesupport_cpp: rosidl_typesupport_fastrtps_cpp;rosidl_typesupport_introspection_cpp
[0.195s] -- Found rmw_implementation_cmake: 6.1.2 (/opt/ros/humble/share/rmw_implementation_cmake/cmake)
[0.197s] -- Found rmw_fastrtps_cpp: 6.2.7 (/opt/ros/humble/share/rmw_fastrtps_cpp/cmake)
[0.267s] -- Using RMW implementation 'rmw_fastrtps_cpp' as default
[0.296s] -- Found rosidl_default_generators: 1.2.0 (/opt/ros/humble/share/rosidl_default_generators/cmake)
[0.521s] -- Found ament_cmake_ros: 0.10.0 (/opt/ros/humble/share/ament_cmake_ros/cmake)
[0.788s] -- Using all available rosidl_typesupport_c: rosidl_typesupport_fastrtps_c;rosidl_typesupport_introspection_c
[0.899s] -- Using all available rosidl_typesupport_cpp: rosidl_typesupport_fastrtps_cpp;rosidl_typesupport_introspection_cpp
[0.918s] -- Found python_cmake_module: 0.10.0 (/opt/ros/humble/share/python_cmake_module/cmake)
[0.937s] -- Using PYTHON_EXECUTABLE: /usr/bin/python3
[0.937s] -- Using PYTHON_INCLUDE_DIRS: /usr/include/python3.10
[0.937s] -- Using PYTHON_LIBRARIES: /usr/lib/x86_64-linux-gnu/libpython3.10.so
[0.964s] -- Found ament_lint_auto: 0.12.11 (/opt/ros/humble/share/ament_lint_auto/cmake)
[0.969s] -- Added test 'cppcheck' to perform static code analysis on C / C++ code
[0.969s] -- Configured cppcheck include dirs: 
[0.969s] -- Configured cppcheck exclude dirs and/or files: 
[0.970s] -- Added test 'lint_cmake' to check CMake code style
[0.970s] -- Added test 'uncrustify' to check C / C++ code style
[0.970s] -- Configured uncrustify additional arguments: 
[0.970s] -- Added test 'xmllint' to check XML markup files
[0.971s] -- Configuring done
[0.998s] -- Generating done
[1.008s] -- Build files have been written to: /home/aqib/ros_learning/ros2_3/build/map_manager
[1.029s] [35m[1mConsolidate compiler generated dependencies of target map_manager__rosidl_generator_c[0m
[1.029s] [35m[1mConsolidate compiler generated dependencies of target map_subscribe[0m
[1.035s] [  3%] Built target map_manager__cpp
[1.035s] [  3%] [32mBuilding CXX object CMakeFiles/add_obstacle.dir/src/add_obstacle.cpp.o[0m
[1.037s] [ 13%] Built target map_manager__rosidl_generator_c
[1.044s] [ 16%] Built target map_subscribe
[1.044s] [ 16%] Built target ament_cmake_python_copy_map_manager
[1.045s] [35m[1mConsolidate compiler generated dependencies of target map_manager__rosidl_typesupport_cpp[0m
[1.045s] [35m[1mConsolidate compiler generated dependencies of target map_manager__rosidl_typesupport_introspection_cpp[0m
[1.045s] [35m[1mConsolidate compiler generated dependencies of target map_manager__rosidl_typesupport_fastrtps_cpp[0m
[1.047s] [35m[1mConsolidate compiler generated dependencies of target map_manager__rosidl_typesupport_fastrtps_c[0m
[1.047s] [35m[1mConsolidate compiler generated dependencies of target map_manager__rosidl_typesupport_introspection_c[0m
[1.047s] [35m[1mConsolidate compiler generated dependencies of target map_manager__rosidl_typesupport_c[0m
[1.055s] [ 26%] Built target map_manager__rosidl_typesupport_introspection_cpp
[1.056s] [ 35%] Built target map_manager__rosidl_typesupport_c
[1.056s] [ 45%] Built target map_manager__rosidl_typesupport_cpp
[1.058s] [ 54%] Built target map_manager__rosidl_typesupport_introspection_c
[1.058s] [ 64%] Built target map_manager__rosidl_typesupport_fastrtps_cpp
[1.060s] [ 73%] Built target map_manager__rosidl_typesupport_fastrtps_c
[1.064s] [35m[1mConsolidate compiler generated dependencies of target map_publish[0m
[1.074s] [ 73%] Built target map_manager
[1.074s] [ 77%] Built target map_publish
[1.088s] [ 79%] Built target map_manager__py
[1.096s] [35m[1mConsolidate compiler generated dependencies of target map_manager__rosidl_generator_py[0m
[1.105s] [ 86%] Built target map_manager__rosidl_generator_py
[1.112s] [35m[1mConsolidate compiler generated dependencies of target map_manager__rosidl_typesupport_introspection_c__pyext[0m
[1.113s] [35m[1mConsolidate compiler generated dependencies of target map_manager__rosidl_typesupport_c__pyext[0m
[1.113s] [35m[1mConsolidate compiler generated dependencies of target map_manager__rosidl_typesupport_fastrtps_c__pyext[0m
[1.122s] [ 94%] Built target map_manager__rosidl_typesupport_c__pyext
[1.122s] [ 94%] Built target map_manager__rosidl_typesupport_introspection_c__pyext
[1.122s] [ 98%] Built target map_manager__rosidl_typesupport_fastrtps_c__pyext
[1.176s] [01m[K/home/aqib/ros_learning/ros2_3/src/map_manager/src/add_obstacle.cpp:2:10:[m[K [01;31m[Kfatal error: [m[Kmap_manager/srv/add_obstacle.hpp: No such file or directory
[1.176s]     2 | #include [01;31m[K"map_manager/srv/add_obstacle.hpp"[m[K  // Pastikan header service yang benar
[1.176s]       |          [01;31m[K^~~~~~~~~~~~~~~~~~~~~~~~~~~~~~~~~~[m[K
[1.177s] compilation terminated.
[1.179s] gmake[2]: *** [CMakeFiles/add_obstacle.dir/build.make:76: CMakeFiles/add_obstacle.dir/src/add_obstacle.cpp.o] Error 1
[1.179s] gmake[1]: *** [CMakeFiles/Makefile2:649: CMakeFiles/add_obstacle.dir/all] Error 2
[1.179s] gmake[1]: *** Waiting for unfinished jobs....
[1.266s] running egg_info
[1.267s] writing map_manager.egg-info/PKG-INFO
[1.268s] writing dependency_links to map_manager.egg-info/dependency_links.txt
[1.268s] writing top-level names to map_manager.egg-info/top_level.txt
[1.270s] reading manifest file 'map_manager.egg-info/SOURCES.txt'
[1.270s] writing manifest file 'map_manager.egg-info/SOURCES.txt'
[1.289s] [ 98%] Built target ament_cmake_python_build_map_manager_egg
[1.290s] gmake: *** [Makefile:146: all] Error 2
[1.292s] Invoked command in '/home/aqib/ros_learning/ros2_3/build/map_manager' returned '2': CMAKE_PREFIX_PATH=${CMAKE_PREFIX_PATH}:/home/aqib/ros_learning/ros2_test/install/launch_testing_examples:/home/aqib/ros_learning/ros2_test/install/examples_rclpy_pointcloud_publisher:/home/aqib/ros_learning/ros2_test/install/examples_rclpy_minimal_subscriber:/home/aqib/ros_learning/ros2_test/install/examples_rclpy_minimal_service:/home/aqib/ros_learning/ros2_test/install/examples_rclpy_minimal_publisher:/home/aqib/ros_learning/ros2_test/install/examples_rclpy_minimal_client:/home/aqib/ros_learning/ros2_test/install/examples_rclpy_minimal_action_server:/home/aqib/ros_learning/ros2_test/install/examples_rclpy_minimal_action_client:/home/aqib/ros_learning/ros2_test/install/examples_rclpy_guard_conditions:/home/aqib/ros_learning/ros2_test/install/examples_rclpy_executors:/home/aqib/ros2_ws/install/my_robot_controller:/opt/ros/humble /usr/bin/cmake --build /home/aqib/ros_learning/ros2_3/build/map_manager -- -j12 -l12
