[01m[K/home/aqib/ros_learning/ros2_3/src/map_manager/src/map_publisher_function.cpp:[m[K In member function â€˜[01m[Kvoid MapPublisher::timer_callback()[m[Kâ€™:
[01m[K/home/aqib/ros_learning/ros2_3/src/map_manager/src/map_publisher_function.cpp:146:5:[m[K [01;31m[Kerror: [m[Kâ€˜[01m[Kupdate_map[m[Kâ€™ was not declared in this scope
  146 |     [01;31m[Kupdate_map[m[K();  // Update peta dengan elemen baru
      |     [01;31m[K^~~~~~~~~~[m[K
gmake[2]: *** [CMakeFiles/map_publish.dir/build.make:76: CMakeFiles/map_publish.dir/src/map_publisher_function.cpp.o] Error 1
gmake[1]: *** [CMakeFiles/Makefile2:597: CMakeFiles/map_publish.dir/all] Error 2
gmake: *** [Makefile:146: all] Error 2
