[0.009s] Invoking command in '/home/aqib/ros_learning/ros2_3/build/map_manager': CMAKE_PREFIX_PATH=${CMAKE_PREFIX_PATH}:/home/aqib/ros_learning/ros2_test/install/launch_testing_examples:/home/aqib/ros_learning/ros2_test/install/examples_rclpy_pointcloud_publisher:/home/aqib/ros_learning/ros2_test/install/examples_rclpy_minimal_subscriber:/home/aqib/ros_learning/ros2_test/install/examples_rclpy_minimal_service:/home/aqib/ros_learning/ros2_test/install/examples_rclpy_minimal_publisher:/home/aqib/ros_learning/ros2_test/install/examples_rclpy_minimal_client:/home/aqib/ros_learning/ros2_test/install/examples_rclpy_minimal_action_server:/home/aqib/ros_learning/ros2_test/install/examples_rclpy_minimal_action_client:/home/aqib/ros_learning/ros2_test/install/examples_rclpy_guard_conditions:/home/aqib/ros_learning/ros2_test/install/examples_rclpy_executors:/home/aqib/ros2_ws/install/my_robot_controller:/opt/ros/humble /usr/bin/cmake --build /home/aqib/ros_learning/ros2_3/build/map_manager -- -j12 -l12
[0.046s] [  1%] Built target map_manager__cpp
[0.046s] [ 11%] Built target map_manager__rosidl_generator_c
[0.049s] [ 15%] Built target map_subscribe
[0.053s] [ 15%] Built target ament_cmake_python_copy_map_manager
[0.063s] [ 24%] Built target map_manager__rosidl_typesupport_fastrtps_cpp
[0.063s] [ 33%] Built target map_manager__rosidl_typesupport_cpp
[0.064s] [ 43%] Built target map_manager__rosidl_typesupport_introspection_cpp
[0.067s] [ 52%] Built target map_manager__rosidl_typesupport_c
[0.068s] [ 64%] Built target map_manager__rosidl_typesupport_fastrtps_c
[0.068s] [ 71%] Built target map_manager__rosidl_typesupport_introspection_c
[0.083s] [ 73%] [32mBuilding CXX object CMakeFiles/map_publish.dir/src/map_publisher_function.cpp.o[0m
[0.083s] [ 77%] Built target map_manager
[0.083s] [ 77%] Built target add_obstacle
[0.099s] [ 79%] Built target map_manager__py
[0.116s] [ 86%] Built target map_manager__rosidl_generator_py
[0.132s] [ 90%] Built target map_manager__rosidl_typesupport_c__pyext
[0.133s] [ 98%] Built target map_manager__rosidl_typesupport_introspection_c__pyext
[0.133s] [ 98%] Built target map_manager__rosidl_typesupport_fastrtps_c__pyext
[0.252s] running egg_info
[0.253s] writing map_manager.egg-info/PKG-INFO
[0.253s] writing dependency_links to map_manager.egg-info/dependency_links.txt
[0.254s] writing top-level names to map_manager.egg-info/top_level.txt
[0.256s] reading manifest file 'map_manager.egg-info/SOURCES.txt'
[0.257s] writing manifest file 'map_manager.egg-info/SOURCES.txt'
[0.279s] [ 98%] Built target ament_cmake_python_build_map_manager_egg
[1.695s] [01m[K/home/aqib/ros_learning/ros2_3/src/map_manager/src/map_publisher_function.cpp:[m[K In member function â€˜[01m[Kvoid MapPublisher::timer_callback()[m[Kâ€™:
[1.695s] [01m[K/home/aqib/ros_learning/ros2_3/src/map_manager/src/map_publisher_function.cpp:146:5:[m[K [01;31m[Kerror: [m[Kâ€˜[01m[Kupdate_map[m[Kâ€™ was not declared in this scope
[1.696s]   146 |     [01;31m[Kupdate_map[m[K();  // Update peta dengan elemen baru
[1.696s]       |     [01;31m[K^~~~~~~~~~[m[K
[2.502s] gmake[2]: *** [CMakeFiles/map_publish.dir/build.make:76: CMakeFiles/map_publish.dir/src/map_publisher_function.cpp.o] Error 1
[2.502s] gmake[1]: *** [CMakeFiles/Makefile2:597: CMakeFiles/map_publish.dir/all] Error 2
[2.502s] gmake: *** [Makefile:146: all] Error 2
[2.504s] Invoked command in '/home/aqib/ros_learning/ros2_3/build/map_manager' returned '2': CMAKE_PREFIX_PATH=${CMAKE_PREFIX_PATH}:/home/aqib/ros_learning/ros2_test/install/launch_testing_examples:/home/aqib/ros_learning/ros2_test/install/examples_rclpy_pointcloud_publisher:/home/aqib/ros_learning/ros2_test/install/examples_rclpy_minimal_subscriber:/home/aqib/ros_learning/ros2_test/install/examples_rclpy_minimal_service:/home/aqib/ros_learning/ros2_test/install/examples_rclpy_minimal_publisher:/home/aqib/ros_learning/ros2_test/install/examples_rclpy_minimal_client:/home/aqib/ros_learning/ros2_test/install/examples_rclpy_minimal_action_server:/home/aqib/ros_learning/ros2_test/install/examples_rclpy_minimal_action_client:/home/aqib/ros_learning/ros2_test/install/examples_rclpy_guard_conditions:/home/aqib/ros_learning/ros2_test/install/examples_rclpy_executors:/home/aqib/ros2_ws/install/my_robot_controller:/opt/ros/humble /usr/bin/cmake --build /home/aqib/ros_learning/ros2_3/build/map_manager -- -j12 -l12
