[0.010s] Invoking command in '/home/aqib/ros_learning/ros2_3/build/map_manager': CMAKE_PREFIX_PATH=${CMAKE_PREFIX_PATH}:/home/aqib/ros_learning/ros2_test/install/launch_testing_examples:/home/aqib/ros_learning/ros2_test/install/examples_rclpy_pointcloud_publisher:/home/aqib/ros_learning/ros2_test/install/examples_rclpy_minimal_subscriber:/home/aqib/ros_learning/ros2_test/install/examples_rclpy_minimal_service:/home/aqib/ros_learning/ros2_test/install/examples_rclpy_minimal_publisher:/home/aqib/ros_learning/ros2_test/install/examples_rclpy_minimal_client:/home/aqib/ros_learning/ros2_test/install/examples_rclpy_minimal_action_server:/home/aqib/ros_learning/ros2_test/install/examples_rclpy_minimal_action_client:/home/aqib/ros_learning/ros2_test/install/examples_rclpy_guard_conditions:/home/aqib/ros_learning/ros2_test/install/examples_rclpy_executors:/home/aqib/ros2_ws/install/my_robot_controller:/opt/ros/humble /usr/bin/cmake --build /home/aqib/ros_learning/ros2_3/build/map_manager -- -j12 -l12
[0.027s] -- Found ament_cmake: 1.3.11 (/opt/ros/humble/share/ament_cmake/cmake)
[0.133s] -- Found rclcpp: 16.0.11 (/opt/ros/humble/share/rclcpp/cmake)
[0.153s] -- Found rosidl_generator_c: 3.1.6 (/opt/ros/humble/share/rosidl_generator_c/cmake)
[0.154s] -- Found rosidl_adapter: 3.1.6 (/opt/ros/humble/share/rosidl_adapter/cmake)
[0.158s] -- Found rosidl_generator_cpp: 3.1.6 (/opt/ros/humble/share/rosidl_generator_cpp/cmake)
[0.165s] -- Using all available rosidl_typesupport_c: rosidl_typesupport_fastrtps_c;rosidl_typesupport_introspection_c
[0.174s] -- Using all available rosidl_typesupport_cpp: rosidl_typesupport_fastrtps_cpp;rosidl_typesupport_introspection_cpp
[0.195s] -- Found rmw_implementation_cmake: 6.1.2 (/opt/ros/humble/share/rmw_implementation_cmake/cmake)
[0.196s] -- Found rmw_fastrtps_cpp: 6.2.7 (/opt/ros/humble/share/rmw_fastrtps_cpp/cmake)
[0.274s] -- Using RMW implementation 'rmw_fastrtps_cpp' as default
[0.304s] -- Found rosidl_default_generators: 1.2.0 (/opt/ros/humble/share/rosidl_default_generators/cmake)
[0.551s] -- Found ament_cmake_ros: 0.10.0 (/opt/ros/humble/share/ament_cmake_ros/cmake)
[0.844s] -- Using all available rosidl_typesupport_c: rosidl_typesupport_fastrtps_c;rosidl_typesupport_introspection_c
[0.959s] -- Using all available rosidl_typesupport_cpp: rosidl_typesupport_fastrtps_cpp;rosidl_typesupport_introspection_cpp
[0.978s] -- Found python_cmake_module: 0.10.0 (/opt/ros/humble/share/python_cmake_module/cmake)
[0.998s] -- Using PYTHON_EXECUTABLE: /usr/bin/python3
[0.998s] -- Using PYTHON_INCLUDE_DIRS: /usr/include/python3.10
[0.998s] -- Using PYTHON_LIBRARIES: /usr/lib/x86_64-linux-gnu/libpython3.10.so
[1.028s] -- Found ament_lint_auto: 0.12.11 (/opt/ros/humble/share/ament_lint_auto/cmake)
[1.034s] -- Added test 'cppcheck' to perform static code analysis on C / C++ code
[1.034s] -- Configured cppcheck include dirs: 
[1.034s] -- Configured cppcheck exclude dirs and/or files: 
[1.035s] -- Added test 'lint_cmake' to check CMake code style
[1.035s] -- Added test 'uncrustify' to check C / C++ code style
[1.035s] -- Configured uncrustify additional arguments: 
[1.035s] -- Added test 'xmllint' to check XML markup files
[1.036s] -- Configuring done
[1.066s] -- Generating done
[1.078s] -- Build files have been written to: /home/aqib/ros_learning/ros2_3/build/map_manager
[1.100s] [35m[1mConsolidate compiler generated dependencies of target map_manager__rosidl_generator_c[0m
[1.100s] [35m[1mConsolidate compiler generated dependencies of target map_subscribe[0m
[1.107s] [  1%] Built target map_manager__cpp
[1.107s] [ 10%] Built target map_manager__rosidl_generator_c
[1.113s] [ 14%] Built target map_subscribe
[1.114s] [ 14%] Built target ament_cmake_python_copy_map_manager
[1.115s] [35m[1mConsolidate compiler generated dependencies of target map_manager__rosidl_typesupport_introspection_cpp[0m
[1.116s] [35m[1mConsolidate compiler generated dependencies of target map_manager__rosidl_typesupport_fastrtps_c[0m
[1.116s] [35m[1mConsolidate compiler generated dependencies of target map_manager__rosidl_typesupport_c[0m
[1.116s] [35m[1mConsolidate compiler generated dependencies of target map_manager__rosidl_typesupport_introspection_c[0m
[1.116s] [35m[1mConsolidate compiler generated dependencies of target map_manager__rosidl_typesupport_cpp[0m
[1.117s] [35m[1mConsolidate compiler generated dependencies of target map_manager__rosidl_typesupport_fastrtps_cpp[0m
[1.126s] [ 34%] Built target map_manager__rosidl_typesupport_introspection_cpp
[1.126s] [ 34%] Built target map_manager__rosidl_typesupport_cpp
[1.127s] [ 41%] Built target map_manager__rosidl_typesupport_c
[1.127s] [ 50%] Built target map_manager__rosidl_typesupport_fastrtps_c
[1.127s] [ 60%] Built target map_manager__rosidl_typesupport_introspection_c
[1.130s] [ 69%] Built target map_manager__rosidl_typesupport_fastrtps_cpp
[1.134s] [35m[1mConsolidate compiler generated dependencies of target map_publish[0m
[1.134s] [35m[1mConsolidate compiler generated dependencies of target add_obstacle[0m
[1.141s] [ 70%] [32mBuilding CXX object CMakeFiles/add_victim.dir/src/add_victim.cpp.o[0m
[1.145s] [ 70%] Built target map_manager
[1.147s] [ 78%] Built target add_obstacle
[1.147s] [ 78%] Built target map_publish
[1.161s] [ 80%] Built target map_manager__py
[1.169s] [35m[1mConsolidate compiler generated dependencies of target map_manager__rosidl_generator_py[0m
[1.180s] [ 87%] Built target map_manager__rosidl_generator_py
[1.188s] [35m[1mConsolidate compiler generated dependencies of target map_manager__rosidl_typesupport_c__pyext[0m
[1.188s] [35m[1mConsolidate compiler generated dependencies of target map_manager__rosidl_typesupport_fastrtps_c__pyext[0m
[1.188s] [35m[1mConsolidate compiler generated dependencies of target map_manager__rosidl_typesupport_introspection_c__pyext[0m
[1.198s] [ 98%] Built target map_manager__rosidl_typesupport_fastrtps_c__pyext
[1.198s] [ 98%] Built target map_manager__rosidl_typesupport_introspection_c__pyext
[1.198s] [ 98%] Built target map_manager__rosidl_typesupport_c__pyext
[1.320s] [01m[K/home/aqib/ros_learning/ros2_3/src/map_manager/src/add_victim.cpp:2:10:[m[K [01;31m[Kfatal error: [m[Kmap_manager/srv/add_Victim.hpp: No such file or directory
[1.320s]     2 | #include [01;31m[K"map_manager/srv/add_Victim.hpp"[m[K  // Pastikan header service yang benar
[1.320s]       |          [01;31m[K^~~~~~~~~~~~~~~~~~~~~~~~~~~~~~~~[m[K
[1.320s] compilation terminated.
[1.322s] gmake[2]: *** [CMakeFiles/add_victim.dir/build.make:76: CMakeFiles/add_victim.dir/src/add_victim.cpp.o] Error 1
[1.322s] gmake[1]: *** [CMakeFiles/Makefile2:679: CMakeFiles/add_victim.dir/all] Error 2
[1.322s] gmake[1]: *** Waiting for unfinished jobs....
[1.326s] running egg_info
[1.327s] writing map_manager.egg-info/PKG-INFO
[1.327s] writing dependency_links to map_manager.egg-info/dependency_links.txt
[1.328s] writing top-level names to map_manager.egg-info/top_level.txt
[1.330s] reading manifest file 'map_manager.egg-info/SOURCES.txt'
[1.331s] writing manifest file 'map_manager.egg-info/SOURCES.txt'
[1.351s] [ 98%] Built target ament_cmake_python_build_map_manager_egg
[1.352s] gmake: *** [Makefile:146: all] Error 2
[1.353s] Invoked command in '/home/aqib/ros_learning/ros2_3/build/map_manager' returned '2': CMAKE_PREFIX_PATH=${CMAKE_PREFIX_PATH}:/home/aqib/ros_learning/ros2_test/install/launch_testing_examples:/home/aqib/ros_learning/ros2_test/install/examples_rclpy_pointcloud_publisher:/home/aqib/ros_learning/ros2_test/install/examples_rclpy_minimal_subscriber:/home/aqib/ros_learning/ros2_test/install/examples_rclpy_minimal_service:/home/aqib/ros_learning/ros2_test/install/examples_rclpy_minimal_publisher:/home/aqib/ros_learning/ros2_test/install/examples_rclpy_minimal_client:/home/aqib/ros_learning/ros2_test/install/examples_rclpy_minimal_action_server:/home/aqib/ros_learning/ros2_test/install/examples_rclpy_minimal_action_client:/home/aqib/ros_learning/ros2_test/install/examples_rclpy_guard_conditions:/home/aqib/ros_learning/ros2_test/install/examples_rclpy_executors:/home/aqib/ros2_ws/install/my_robot_controller:/opt/ros/humble /usr/bin/cmake --build /home/aqib/ros_learning/ros2_3/build/map_manager -- -j12 -l12
