[01m[K/home/aqib/ros_learning/ros2_3/src/map_manager/src/map_publisher_function.cpp:24:10:[m[K [01;31m[Kfatal error: [m[Kmap_manager/msg/add_obstacle.hpp: No such file or directory
   24 | #include [01;31m[K"map_manager/msg/add_obstacle.hpp"[m[K
      |          [01;31m[K^~~~~~~~~~~~~~~~~~~~~~~~~~~~~~~~~~[m[K
compilation terminated.
gmake[2]: *** [CMakeFiles/map_publish.dir/build.make:76: CMakeFiles/map_publish.dir/src/map_publisher_function.cpp.o] Error 1
gmake[1]: *** [CMakeFiles/Makefile2:595: CMakeFiles/map_publish.dir/all] Error 2
gmake[1]: *** Waiting for unfinished jobs....
gmake: *** [Makefile:146: all] Error 2
