[0.009s] Invoking command in '/home/aqib/ros_learning/ros2_3/build/map_manager': CMAKE_PREFIX_PATH=${CMAKE_PREFIX_PATH}:/home/aqib/ros_learning/ros2_test/install/launch_testing_examples:/home/aqib/ros_learning/ros2_test/install/examples_rclpy_pointcloud_publisher:/home/aqib/ros_learning/ros2_test/install/examples_rclpy_minimal_subscriber:/home/aqib/ros_learning/ros2_test/install/examples_rclpy_minimal_service:/home/aqib/ros_learning/ros2_test/install/examples_rclpy_minimal_publisher:/home/aqib/ros_learning/ros2_test/install/examples_rclpy_minimal_client:/home/aqib/ros_learning/ros2_test/install/examples_rclpy_minimal_action_server:/home/aqib/ros_learning/ros2_test/install/examples_rclpy_minimal_action_client:/home/aqib/ros_learning/ros2_test/install/examples_rclpy_guard_conditions:/home/aqib/ros_learning/ros2_test/install/examples_rclpy_executors:/home/aqib/ros2_ws/install/my_robot_controller:/opt/ros/humble /usr/bin/cmake --build /home/aqib/ros_learning/ros2_3/build/map_manager -- -j12 -l12
[0.026s] -- Found ament_cmake: 1.3.11 (/opt/ros/humble/share/ament_cmake/cmake)
[0.126s] -- Found rclcpp: 16.0.11 (/opt/ros/humble/share/rclcpp/cmake)
[0.144s] -- Found rosidl_generator_c: 3.1.6 (/opt/ros/humble/share/rosidl_generator_c/cmake)
[0.145s] -- Found rosidl_adapter: 3.1.6 (/opt/ros/humble/share/rosidl_adapter/cmake)
[0.149s] -- Found rosidl_generator_cpp: 3.1.6 (/opt/ros/humble/share/rosidl_generator_cpp/cmake)
[0.155s] -- Using all available rosidl_typesupport_c: rosidl_typesupport_fastrtps_c;rosidl_typesupport_introspection_c
[0.168s] -- Using all available rosidl_typesupport_cpp: rosidl_typesupport_fastrtps_cpp;rosidl_typesupport_introspection_cpp
[0.194s] -- Found rmw_implementation_cmake: 6.1.2 (/opt/ros/humble/share/rmw_implementation_cmake/cmake)
[0.196s] -- Found rmw_fastrtps_cpp: 6.2.7 (/opt/ros/humble/share/rmw_fastrtps_cpp/cmake)
[0.266s] -- Using RMW implementation 'rmw_fastrtps_cpp' as default
[0.295s] -- Found rosidl_default_generators: 1.2.0 (/opt/ros/humble/share/rosidl_default_generators/cmake)
[0.514s] -- Found ament_cmake_ros: 0.10.0 (/opt/ros/humble/share/ament_cmake_ros/cmake)
[0.778s] -- Using all available rosidl_typesupport_c: rosidl_typesupport_fastrtps_c;rosidl_typesupport_introspection_c
[0.881s] -- Using all available rosidl_typesupport_cpp: rosidl_typesupport_fastrtps_cpp;rosidl_typesupport_introspection_cpp
[0.899s] -- Found python_cmake_module: 0.10.0 (/opt/ros/humble/share/python_cmake_module/cmake)
[0.917s] -- Using PYTHON_EXECUTABLE: /usr/bin/python3
[0.917s] -- Using PYTHON_INCLUDE_DIRS: /usr/include/python3.10
[0.917s] -- Using PYTHON_LIBRARIES: /usr/lib/x86_64-linux-gnu/libpython3.10.so
[0.944s] -- Found ament_lint_auto: 0.12.11 (/opt/ros/humble/share/ament_lint_auto/cmake)
[0.949s] -- Added test 'cppcheck' to perform static code analysis on C / C++ code
[0.949s] -- Configured cppcheck include dirs: 
[0.949s] -- Configured cppcheck exclude dirs and/or files: 
[0.950s] -- Added test 'lint_cmake' to check CMake code style
[0.950s] -- Added test 'uncrustify' to check C / C++ code style
[0.950s] -- Configured uncrustify additional arguments: 
[0.950s] -- Added test 'xmllint' to check XML markup files
[0.951s] -- Configuring done
[0.976s] -- Generating done
[0.985s] -- Build files have been written to: /home/aqib/ros_learning/ros2_3/build/map_manager
[1.006s] [35m[1mConsolidate compiler generated dependencies of target map_manager__rosidl_generator_c[0m
[1.006s] [35m[1mConsolidate compiler generated dependencies of target map_subscribe[0m
[1.012s] [  1%] Built target map_manager__cpp
[1.014s] [ 11%] Built target map_manager__rosidl_generator_c
[1.019s] [ 15%] Built target map_subscribe
[1.019s] [ 15%] Built target ament_cmake_python_copy_map_manager
[1.019s] [35m[1mConsolidate compiler generated dependencies of target map_manager__rosidl_typesupport_cpp[0m
[1.021s] [35m[1mConsolidate compiler generated dependencies of target map_manager__rosidl_typesupport_introspection_c[0m
[1.021s] [35m[1mConsolidate compiler generated dependencies of target map_manager__rosidl_typesupport_fastrtps_c[0m
[1.021s] [35m[1mConsolidate compiler generated dependencies of target map_manager__rosidl_typesupport_fastrtps_cpp[0m
[1.022s] [35m[1mConsolidate compiler generated dependencies of target map_manager__rosidl_typesupport_introspection_cpp[0m
[1.023s] [35m[1mConsolidate compiler generated dependencies of target map_manager__rosidl_typesupport_c[0m
[1.029s] [ 25%] Built target map_manager__rosidl_typesupport_cpp
[1.029s] [ 35%] Built target map_manager__rosidl_typesupport_introspection_c
[1.030s] [ 45%] Built target map_manager__rosidl_typesupport_fastrtps_c
[1.031s] [ 54%] Built target map_manager__rosidl_typesupport_c
[1.033s] [ 64%] Built target map_manager__rosidl_typesupport_introspection_cpp
[1.035s] [ 74%] Built target map_manager__rosidl_typesupport_fastrtps_cpp
[1.035s] [35m[1mConsolidate compiler generated dependencies of target map_publish[0m
[1.046s] [ 76%] [32mBuilding CXX object CMakeFiles/map_publish.dir/src/map_publisher_function.cpp.o[0m
[1.049s] [ 76%] Built target map_manager
[1.062s] [ 78%] Built target map_manager__py
[1.069s] [35m[1mConsolidate compiler generated dependencies of target map_manager__rosidl_generator_py[0m
[1.079s] [ 86%] Built target map_manager__rosidl_generator_py
[1.086s] [35m[1mConsolidate compiler generated dependencies of target map_manager__rosidl_typesupport_fastrtps_c__pyext[0m
[1.087s] [35m[1mConsolidate compiler generated dependencies of target map_manager__rosidl_typesupport_introspection_c__pyext[0m
[1.087s] [35m[1mConsolidate compiler generated dependencies of target map_manager__rosidl_typesupport_c__pyext[0m
[1.095s] [ 98%] Built target map_manager__rosidl_typesupport_fastrtps_c__pyext
[1.095s] [ 98%] Built target map_manager__rosidl_typesupport_introspection_c__pyext
[1.095s] [ 98%] Built target map_manager__rosidl_typesupport_c__pyext
[1.179s] [01m[K/home/aqib/ros_learning/ros2_3/src/map_manager/src/map_publisher_function.cpp:24:10:[m[K [01;31m[Kfatal error: [m[Kmap_manager/msg/add_obstacle.hpp: No such file or directory
[1.180s]    24 | #include [01;31m[K"map_manager/msg/add_obstacle.hpp"[m[K
[1.180s]       |          [01;31m[K^~~~~~~~~~~~~~~~~~~~~~~~~~~~~~~~~~[m[K
[1.180s] compilation terminated.
[1.182s] gmake[2]: *** [CMakeFiles/map_publish.dir/build.make:76: CMakeFiles/map_publish.dir/src/map_publisher_function.cpp.o] Error 1
[1.182s] gmake[1]: *** [CMakeFiles/Makefile2:595: CMakeFiles/map_publish.dir/all] Error 2
[1.182s] gmake[1]: *** Waiting for unfinished jobs....
[1.226s] running egg_info
[1.227s] writing map_manager.egg-info/PKG-INFO
[1.227s] writing dependency_links to map_manager.egg-info/dependency_links.txt
[1.227s] writing top-level names to map_manager.egg-info/top_level.txt
[1.229s] reading manifest file 'map_manager.egg-info/SOURCES.txt'
[1.229s] writing manifest file 'map_manager.egg-info/SOURCES.txt'
[1.247s] [ 98%] Built target ament_cmake_python_build_map_manager_egg
[1.248s] gmake: *** [Makefile:146: all] Error 2
[1.250s] Invoked command in '/home/aqib/ros_learning/ros2_3/build/map_manager' returned '2': CMAKE_PREFIX_PATH=${CMAKE_PREFIX_PATH}:/home/aqib/ros_learning/ros2_test/install/launch_testing_examples:/home/aqib/ros_learning/ros2_test/install/examples_rclpy_pointcloud_publisher:/home/aqib/ros_learning/ros2_test/install/examples_rclpy_minimal_subscriber:/home/aqib/ros_learning/ros2_test/install/examples_rclpy_minimal_service:/home/aqib/ros_learning/ros2_test/install/examples_rclpy_minimal_publisher:/home/aqib/ros_learning/ros2_test/install/examples_rclpy_minimal_client:/home/aqib/ros_learning/ros2_test/install/examples_rclpy_minimal_action_server:/home/aqib/ros_learning/ros2_test/install/examples_rclpy_minimal_action_client:/home/aqib/ros_learning/ros2_test/install/examples_rclpy_guard_conditions:/home/aqib/ros_learning/ros2_test/install/examples_rclpy_executors:/home/aqib/ros2_ws/install/my_robot_controller:/opt/ros/humble /usr/bin/cmake --build /home/aqib/ros_learning/ros2_3/build/map_manager -- -j12 -l12
