[  3%] Built target map_manager__cpp
[  3%] [32mBuilding CXX object CMakeFiles/add_obstacle.dir/src/add_obstacle.cpp.o[0m
[ 13%] Built target map_manager__rosidl_generator_c
[ 16%] Built target map_subscribe
[ 16%] Built target ament_cmake_python_copy_map_manager
[ 26%] Built target map_manager__rosidl_typesupport_fastrtps_cpp
[ 35%] Built target map_manager__rosidl_typesupport_cpp
[ 45%] Built target map_manager__rosidl_typesupport_introspection_cpp
[ 54%] Built target map_manager__rosidl_typesupport_introspection_c
[ 64%] Built target map_manager__rosidl_typesupport_fastrtps_c
[ 73%] Built target map_manager__rosidl_typesupport_c
[ 77%] Built target map_publish
[ 77%] Built target map_manager
[ 79%] Built target map_manager__py
[ 86%] Built target map_manager__rosidl_generator_py
[ 98%] Built target map_manager__rosidl_typesupport_c__pyext
[ 98%] Built target map_manager__rosidl_typesupport_introspection_c__pyext
[ 98%] Built target map_manager__rosidl_typesupport_fastrtps_c__pyext
[01m[K/home/aqib/ros_learning/ros2_3/src/map_manager/src/add_obstacle.cpp:2:10:[m[K [01;31m[Kfatal error: [m[Kmap_manager/srv/add_obstacle.hpp: No such file or directory
    2 | #include [01;31m[K"map_manager/srv/add_obstacle.hpp"[m[K  // Pastikan header service yang benar
      |          [01;31m[K^~~~~~~~~~~~~~~~~~~~~~~~~~~~~~~~~~[m[K
compilation terminated.
gmake[2]: *** [CMakeFiles/add_obstacle.dir/build.make:76: CMakeFiles/add_obstacle.dir/src/add_obstacle.cpp.o] Error 1
gmake[1]: *** [CMakeFiles/Makefile2:649: CMakeFiles/add_obstacle.dir/all] Error 2
gmake[1]: *** Waiting for unfinished jobs....
running egg_info
writing map_manager.egg-info/PKG-INFO
writing dependency_links to map_manager.egg-info/dependency_links.txt
writing top-level names to map_manager.egg-info/top_level.txt
reading manifest file 'map_manager.egg-info/SOURCES.txt'
writing manifest file 'map_manager.egg-info/SOURCES.txt'
[ 98%] Built target ament_cmake_python_build_map_manager_egg
gmake: *** [Makefile:146: all] Error 2
