[0.009s] Invoking command in '/home/aqib/ros_learning/ros2_3/build/map_manager': CMAKE_PREFIX_PATH=${CMAKE_PREFIX_PATH}:/home/aqib/ros_learning/ros2_test/install/launch_testing_examples:/home/aqib/ros_learning/ros2_test/install/examples_rclpy_pointcloud_publisher:/home/aqib/ros_learning/ros2_test/install/examples_rclpy_minimal_subscriber:/home/aqib/ros_learning/ros2_test/install/examples_rclpy_minimal_service:/home/aqib/ros_learning/ros2_test/install/examples_rclpy_minimal_publisher:/home/aqib/ros_learning/ros2_test/install/examples_rclpy_minimal_client:/home/aqib/ros_learning/ros2_test/install/examples_rclpy_minimal_action_server:/home/aqib/ros_learning/ros2_test/install/examples_rclpy_minimal_action_client:/home/aqib/ros_learning/ros2_test/install/examples_rclpy_guard_conditions:/home/aqib/ros_learning/ros2_test/install/examples_rclpy_executors:/home/aqib/ros2_ws/install/my_robot_controller:/opt/ros/humble /usr/bin/cmake --build /home/aqib/ros_learning/ros2_3/build/map_manager -- -j12 -l12
[0.043s] [  3%] Built target map_manager__cpp
[0.044s] [  3%] [32mBuilding CXX object CMakeFiles/add_obstacle.dir/src/add_obstacle.cpp.o[0m
[0.044s] [ 13%] Built target map_manager__rosidl_generator_c
[0.047s] [ 16%] Built target map_subscribe
[0.050s] [ 16%] Built target ament_cmake_python_copy_map_manager
[0.060s] [ 26%] Built target map_manager__rosidl_typesupport_fastrtps_cpp
[0.061s] [ 35%] Built target map_manager__rosidl_typesupport_cpp
[0.061s] [ 45%] Built target map_manager__rosidl_typesupport_introspection_cpp
[0.065s] [ 54%] Built target map_manager__rosidl_typesupport_introspection_c
[0.065s] [ 64%] Built target map_manager__rosidl_typesupport_fastrtps_c
[0.066s] [ 73%] Built target map_manager__rosidl_typesupport_c
[0.078s] [ 77%] Built target map_publish
[0.080s] [ 77%] Built target map_manager
[0.094s] [ 79%] Built target map_manager__py
[0.109s] [ 86%] Built target map_manager__rosidl_generator_py
[0.125s] [ 98%] Built target map_manager__rosidl_typesupport_c__pyext
[0.125s] [ 98%] Built target map_manager__rosidl_typesupport_introspection_c__pyext
[0.125s] [ 98%] Built target map_manager__rosidl_typesupport_fastrtps_c__pyext
[0.172s] [01m[K/home/aqib/ros_learning/ros2_3/src/map_manager/src/add_obstacle.cpp:2:10:[m[K [01;31m[Kfatal error: [m[Kmap_manager/srv/add_obstacle.hpp: No such file or directory
[0.172s]     2 | #include [01;31m[K"map_manager/srv/add_obstacle.hpp"[m[K  // Pastikan header service yang benar
[0.172s]       |          [01;31m[K^~~~~~~~~~~~~~~~~~~~~~~~~~~~~~~~~~[m[K
[0.172s] compilation terminated.
[0.174s] gmake[2]: *** [CMakeFiles/add_obstacle.dir/build.make:76: CMakeFiles/add_obstacle.dir/src/add_obstacle.cpp.o] Error 1
[0.174s] gmake[1]: *** [CMakeFiles/Makefile2:649: CMakeFiles/add_obstacle.dir/all] Error 2
[0.174s] gmake[1]: *** Waiting for unfinished jobs....
[0.234s] running egg_info
[0.235s] writing map_manager.egg-info/PKG-INFO
[0.235s] writing dependency_links to map_manager.egg-info/dependency_links.txt
[0.235s] writing top-level names to map_manager.egg-info/top_level.txt
[0.238s] reading manifest file 'map_manager.egg-info/SOURCES.txt'
[0.238s] writing manifest file 'map_manager.egg-info/SOURCES.txt'
[0.255s] [ 98%] Built target ament_cmake_python_build_map_manager_egg
[0.256s] gmake: *** [Makefile:146: all] Error 2
[0.258s] Invoked command in '/home/aqib/ros_learning/ros2_3/build/map_manager' returned '2': CMAKE_PREFIX_PATH=${CMAKE_PREFIX_PATH}:/home/aqib/ros_learning/ros2_test/install/launch_testing_examples:/home/aqib/ros_learning/ros2_test/install/examples_rclpy_pointcloud_publisher:/home/aqib/ros_learning/ros2_test/install/examples_rclpy_minimal_subscriber:/home/aqib/ros_learning/ros2_test/install/examples_rclpy_minimal_service:/home/aqib/ros_learning/ros2_test/install/examples_rclpy_minimal_publisher:/home/aqib/ros_learning/ros2_test/install/examples_rclpy_minimal_client:/home/aqib/ros_learning/ros2_test/install/examples_rclpy_minimal_action_server:/home/aqib/ros_learning/ros2_test/install/examples_rclpy_minimal_action_client:/home/aqib/ros_learning/ros2_test/install/examples_rclpy_guard_conditions:/home/aqib/ros_learning/ros2_test/install/examples_rclpy_executors:/home/aqib/ros2_ws/install/my_robot_controller:/opt/ros/humble /usr/bin/cmake --build /home/aqib/ros_learning/ros2_3/build/map_manager -- -j12 -l12
